Flow report for Template_2019
Tue Dec 03 22:35:32 2019
Quartus Prime Version 18.1.0 Build 625 09/12/2018 SJ Lite Edition


---------------------
; Table of Contents ;
---------------------
  1. Legal Notice
  2. Flow Summary
  3. Flow Settings
  4. Flow Non-Default Global Settings
  5. Flow Elapsed Time
  6. Flow OS Summary
  7. Flow Log
  8. Flow Messages
  9. Flow Suppressed Messages



----------------
; Legal Notice ;
----------------
Copyright (C) 2018  Intel Corporation. All rights reserved.
Your use of Intel Corporation's design tools, logic functions 
and other software and tools, and its AMPP partner logic 
functions, and any output files from any of the foregoing 
(including device programming or simulation files), and any 
associated documentation or information are expressly subject 
to the terms and conditions of the Intel Program License 
Subscription Agreement, the Intel Quartus Prime License Agreement,
the Intel FPGA IP License Agreement, or other applicable license
agreement, including, without limitation, that your use is for
the sole purpose of programming logic devices manufactured by
Intel and sold by Intel or its authorized distributors.  Please
refer to the applicable agreement for further details.



+----------------------------------------------------------------------------------+
; Flow Summary                                                                     ;
+------------------------------------+---------------------------------------------+
; Flow Status                        ; Successful - Tue Dec 03 22:35:32 2019       ;
; Quartus Prime Version              ; 18.1.0 Build 625 09/12/2018 SJ Lite Edition ;
; Revision Name                      ; Template_2019                               ;
; Top-level Entity Name              ; Template_2019                               ;
; Family                             ; Cyclone IV E                                ;
; Device                             ; EP4CE22F17C6                                ;
; Timing Models                      ; Final                                       ;
; Total logic elements               ; 710 / 22,320 ( 3 % )                        ;
;     Total combinational functions  ; 516 / 22,320 ( 2 % )                        ;
;     Dedicated logic registers      ; 522 / 22,320 ( 2 % )                        ;
; Total registers                    ; 522                                         ;
; Total pins                         ; 17 / 154 ( 11 % )                           ;
; Total virtual pins                 ; 0                                           ;
; Total memory bits                  ; 32,768 / 608,256 ( 5 % )                    ;
; Embedded Multiplier 9-bit elements ; 0 / 132 ( 0 % )                             ;
; Total PLLs                         ; 0 / 4 ( 0 % )                               ;
+------------------------------------+---------------------------------------------+


+-----------------------------------------+
; Flow Settings                           ;
+-------------------+---------------------+
; Option            ; Setting             ;
+-------------------+---------------------+
; Start date & time ; 12/03/2019 21:22:42 ;
; Main task         ; Compilation         ;
; Revision Name     ; Template_2019       ;
+-------------------+---------------------+


+-----------------------------------------------------------------------------------------------------------------------------------------------------------------------------------------+
; Flow Non-Default Global Settings                                                                                                                                                        ;
+-------------------------------------+---------------------------------------------------------------------------------+---------------+-------------+-----------------------------------+
; Assignment Name                     ; Value                                                                           ; Default Value ; Entity Name ; Section Id                        ;
+-------------------------------------+---------------------------------------------------------------------------------+---------------+-------------+-----------------------------------+
; COMPILER_SIGNATURE_ID               ; 198112233407951.157540816111140                                                 ; --            ; --          ; --                                ;
; EDA_GENERATE_FUNCTIONAL_NETLIST     ; Off                                                                             ; --            ; --          ; eda_board_design_timing           ;
; EDA_GENERATE_FUNCTIONAL_NETLIST     ; Off                                                                             ; --            ; --          ; eda_board_design_boundary_scan    ;
; EDA_GENERATE_FUNCTIONAL_NETLIST     ; Off                                                                             ; --            ; --          ; eda_board_design_signal_integrity ;
; EDA_GENERATE_FUNCTIONAL_NETLIST     ; Off                                                                             ; --            ; --          ; eda_board_design_symbol           ;
; EDA_OUTPUT_DATA_FORMAT              ; Vhdl                                                                            ; --            ; --          ; eda_simulation                    ;
; EDA_SIMULATION_TOOL                 ; ModelSim-Altera (VHDL)                                                          ; <None>        ; --          ; --                                ;
; EDA_TIME_SCALE                      ; 1 ps                                                                            ; --            ; --          ; eda_simulation                    ;
; ENABLE_SIGNALTAP                    ; On                                                                              ; --            ; --          ; --                                ;
; MAX_CORE_JUNCTION_TEMP              ; 85                                                                              ; --            ; --          ; --                                ;
; MIN_CORE_JUNCTION_TEMP              ; 0                                                                               ; --            ; --          ; --                                ;
; NOMINAL_CORE_SUPPLY_VOLTAGE         ; 1.2V                                                                            ; --            ; --          ; --                                ;
; PARTITION_COLOR                     ; -- (Not supported for targeted family)                                          ; --            ; --          ; Top                               ;
; PARTITION_FITTER_PRESERVATION_LEVEL ; -- (Not supported for targeted family)                                          ; --            ; --          ; Top                               ;
; PARTITION_NETLIST_TYPE              ; -- (Not supported for targeted family)                                          ; --            ; --          ; Top                               ;
; PROJECT_OUTPUT_DIRECTORY            ; output_files                                                                    ; --            ; --          ; --                                ;
; SLD_FILE                            ; db/stp1_auto_stripped.stp                                                       ; --            ; --          ; --                                ;
; SLD_NODE_CREATOR_ID                 ; 110                                                                             ; --            ; --          ; auto_signaltap_0                  ;
; SLD_NODE_ENTITY_NAME                ; sld_signaltap                                                                   ; --            ; --          ; auto_signaltap_0                  ;
; SLD_NODE_PARAMETER_ASSIGNMENT       ; SLD_RAM_BLOCK_TYPE=AUTO                                                         ; --            ; --          ; auto_signaltap_0                  ;
; SLD_NODE_PARAMETER_ASSIGNMENT       ; SLD_TRIGGER_BITS=1                                                              ; --            ; --          ; auto_signaltap_0                  ;
; SLD_NODE_PARAMETER_ASSIGNMENT       ; SLD_NODE_INFO=805334528                                                         ; --            ; --          ; auto_signaltap_0                  ;
; SLD_NODE_PARAMETER_ASSIGNMENT       ; SLD_POWER_UP_TRIGGER=0                                                          ; --            ; --          ; auto_signaltap_0                  ;
; SLD_NODE_PARAMETER_ASSIGNMENT       ; SLD_STORAGE_QUALIFIER_INVERSION_MASK_LENGTH=0                                   ; --            ; --          ; auto_signaltap_0                  ;
; SLD_NODE_PARAMETER_ASSIGNMENT       ; SLD_SEGMENT_SIZE=16384                                                          ; --            ; --          ; auto_signaltap_0                  ;
; SLD_NODE_PARAMETER_ASSIGNMENT       ; SLD_ATTRIBUTE_MEM_MODE=OFF                                                      ; --            ; --          ; auto_signaltap_0                  ;
; SLD_NODE_PARAMETER_ASSIGNMENT       ; SLD_STATE_FLOW_USE_GENERATED=0                                                  ; --            ; --          ; auto_signaltap_0                  ;
; SLD_NODE_PARAMETER_ASSIGNMENT       ; SLD_STATE_BITS=11                                                               ; --            ; --          ; auto_signaltap_0                  ;
; SLD_NODE_PARAMETER_ASSIGNMENT       ; SLD_BUFFER_FULL_STOP=1                                                          ; --            ; --          ; auto_signaltap_0                  ;
; SLD_NODE_PARAMETER_ASSIGNMENT       ; SLD_CURRENT_RESOURCE_WIDTH=1                                                    ; --            ; --          ; auto_signaltap_0                  ;
; SLD_NODE_PARAMETER_ASSIGNMENT       ; SLD_INCREMENTAL_ROUTING=1                                                       ; --            ; --          ; auto_signaltap_0                  ;
; SLD_NODE_PARAMETER_ASSIGNMENT       ; SLD_TRIGGER_LEVEL=1                                                             ; --            ; --          ; auto_signaltap_0                  ;
; SLD_NODE_PARAMETER_ASSIGNMENT       ; SLD_SAMPLE_DEPTH=16384                                                          ; --            ; --          ; auto_signaltap_0                  ;
; SLD_NODE_PARAMETER_ASSIGNMENT       ; SLD_TRIGGER_IN_ENABLED=0                                                        ; --            ; --          ; auto_signaltap_0                  ;
; SLD_NODE_PARAMETER_ASSIGNMENT       ; SLD_TRIGGER_PIPELINE=0                                                          ; --            ; --          ; auto_signaltap_0                  ;
; SLD_NODE_PARAMETER_ASSIGNMENT       ; SLD_RAM_PIPELINE=0                                                              ; --            ; --          ; auto_signaltap_0                  ;
; SLD_NODE_PARAMETER_ASSIGNMENT       ; SLD_COUNTER_PIPELINE=0                                                          ; --            ; --          ; auto_signaltap_0                  ;
; SLD_NODE_PARAMETER_ASSIGNMENT       ; SLD_TRIGGER_LEVEL_PIPELINE=1                                                    ; --            ; --          ; auto_signaltap_0                  ;
; SLD_NODE_PARAMETER_ASSIGNMENT       ; SLD_DATA_BITS=2                                                                 ; --            ; --          ; auto_signaltap_0                  ;
; SLD_NODE_PARAMETER_ASSIGNMENT       ; SLD_STORAGE_QUALIFIER_BITS=2                                                    ; --            ; --          ; auto_signaltap_0                  ;
; SLD_NODE_PARAMETER_ASSIGNMENT       ; SLD_INVERSION_MASK=0000000000000000000000000000                                 ; --            ; --          ; auto_signaltap_0                  ;
; SLD_NODE_PARAMETER_ASSIGNMENT       ; SLD_INVERSION_MASK_LENGTH=28                                                    ; --            ; --          ; auto_signaltap_0                  ;
; SLD_NODE_PARAMETER_ASSIGNMENT       ; SLD_ADVANCED_TRIGGER_ENTITY=sld_reserved_Template_2019_auto_signaltap_0_1_18b7, ; --            ; --          ; auto_signaltap_0                  ;
; SLD_NODE_PARAMETER_ASSIGNMENT       ; SLD_ENABLE_ADVANCED_TRIGGER=1                                                   ; --            ; --          ; auto_signaltap_0                  ;
; USE_SIGNALTAP_FILE                  ; stp1.stp                                                                        ; --            ; --          ; --                                ;
+-------------------------------------+---------------------------------------------------------------------------------+---------------+-------------+-----------------------------------+


+--------------------------------------------------------------------------------------------------------------------------+
; Flow Elapsed Time                                                                                                        ;
+----------------------+--------------+-------------------------+---------------------+------------------------------------+
; Module Name          ; Elapsed Time ; Average Processors Used ; Peak Virtual Memory ; Total CPU Time (on all processors) ;
+----------------------+--------------+-------------------------+---------------------+------------------------------------+
; Analysis & Synthesis ; 00:00:21     ; 1.0                     ; 4840 MB             ; 00:00:42                           ;
; Fitter               ; 00:00:05     ; 1.1                     ; 6521 MB             ; 00:00:09                           ;
; Assembler            ; 00:00:02     ; 1.0                     ; 4682 MB             ; 00:00:01                           ;
; Timing Analyzer      ; 00:00:02     ; 1.2                     ; 4942 MB             ; 00:00:02                           ;
; EDA Netlist Writer   ; 00:00:04     ; 1.0                     ; 4658 MB             ; 00:00:03                           ;
; EDA Netlist Writer   ; 00:00:00     ; 1.0                     ; 4632 MB             ; 00:00:01                           ;
; EDA Netlist Writer   ; 00:00:01     ; 1.0                     ; 4645 MB             ; 00:00:01                           ;
; EDA Netlist Writer   ; 00:00:02     ; 1.0                     ; 4632 MB             ; 00:00:01                           ;
; EDA Netlist Writer   ; 00:00:01     ; 1.0                     ; 4645 MB             ; 00:00:01                           ;
; EDA Netlist Writer   ; 00:00:00     ; 1.0                     ; 4632 MB             ; 00:00:01                           ;
; EDA Netlist Writer   ; 00:00:01     ; 1.0                     ; 4645 MB             ; 00:00:01                           ;
; EDA Netlist Writer   ; 00:00:00     ; 1.0                     ; 4632 MB             ; 00:00:01                           ;
; EDA Netlist Writer   ; 00:00:01     ; 1.0                     ; 4645 MB             ; 00:00:01                           ;
; EDA Netlist Writer   ; 00:00:01     ; 1.0                     ; 4632 MB             ; 00:00:01                           ;
; EDA Netlist Writer   ; 00:00:01     ; 1.0                     ; 4645 MB             ; 00:00:01                           ;
; EDA Netlist Writer   ; 00:00:00     ; 1.0                     ; 4632 MB             ; 00:00:01                           ;
; EDA Netlist Writer   ; 00:00:01     ; 1.0                     ; 4645 MB             ; 00:00:01                           ;
; EDA Netlist Writer   ; 00:00:00     ; 1.0                     ; 4632 MB             ; 00:00:01                           ;
; EDA Netlist Writer   ; 00:00:01     ; 1.0                     ; 4645 MB             ; 00:00:01                           ;
; EDA Netlist Writer   ; 00:00:00     ; 1.0                     ; 4632 MB             ; 00:00:01                           ;
; EDA Netlist Writer   ; 00:00:01     ; 1.0                     ; 4645 MB             ; 00:00:01                           ;
; EDA Netlist Writer   ; 00:00:01     ; 1.0                     ; 4632 MB             ; 00:00:01                           ;
; EDA Netlist Writer   ; 00:00:01     ; 1.0                     ; 4645 MB             ; 00:00:01                           ;
; EDA Netlist Writer   ; 00:00:01     ; 1.0                     ; 4632 MB             ; 00:00:01                           ;
; EDA Netlist Writer   ; 00:00:01     ; 1.0                     ; 4645 MB             ; 00:00:01                           ;
; Total                ; 00:00:49     ; --                      ; --                  ; 00:01:17                           ;
+----------------------+--------------+-------------------------+---------------------+------------------------------------+


+------------------------------------------------------------------------------------+
; Flow OS Summary                                                                    ;
+----------------------+------------------+------------+------------+----------------+
; Module Name          ; Machine Hostname ; OS Name    ; OS Version ; Processor type ;
+----------------------+------------------+------------+------------+----------------+
; Analysis & Synthesis ; DESKTOP-3GL10BM  ; Windows 10 ; 10.0       ; x86_64         ;
; Fitter               ; DESKTOP-3GL10BM  ; Windows 10 ; 10.0       ; x86_64         ;
; Assembler            ; DESKTOP-3GL10BM  ; Windows 10 ; 10.0       ; x86_64         ;
; Timing Analyzer      ; DESKTOP-3GL10BM  ; Windows 10 ; 10.0       ; x86_64         ;
; EDA Netlist Writer   ; DESKTOP-3GL10BM  ; Windows 10 ; 10.0       ; x86_64         ;
; EDA Netlist Writer   ; DESKTOP-3GL10BM  ; Windows 10 ; 10.0       ; x86_64         ;
; EDA Netlist Writer   ; DESKTOP-3GL10BM  ; Windows 10 ; 10.0       ; x86_64         ;
; EDA Netlist Writer   ; DESKTOP-3GL10BM  ; Windows 10 ; 10.0       ; x86_64         ;
; EDA Netlist Writer   ; DESKTOP-3GL10BM  ; Windows 10 ; 10.0       ; x86_64         ;
; EDA Netlist Writer   ; DESKTOP-3GL10BM  ; Windows 10 ; 10.0       ; x86_64         ;
; EDA Netlist Writer   ; DESKTOP-3GL10BM  ; Windows 10 ; 10.0       ; x86_64         ;
; EDA Netlist Writer   ; DESKTOP-3GL10BM  ; Windows 10 ; 10.0       ; x86_64         ;
; EDA Netlist Writer   ; DESKTOP-3GL10BM  ; Windows 10 ; 10.0       ; x86_64         ;
; EDA Netlist Writer   ; DESKTOP-3GL10BM  ; Windows 10 ; 10.0       ; x86_64         ;
; EDA Netlist Writer   ; DESKTOP-3GL10BM  ; Windows 10 ; 10.0       ; x86_64         ;
; EDA Netlist Writer   ; DESKTOP-3GL10BM  ; Windows 10 ; 10.0       ; x86_64         ;
; EDA Netlist Writer   ; DESKTOP-3GL10BM  ; Windows 10 ; 10.0       ; x86_64         ;
; EDA Netlist Writer   ; DESKTOP-3GL10BM  ; Windows 10 ; 10.0       ; x86_64         ;
; EDA Netlist Writer   ; DESKTOP-3GL10BM  ; Windows 10 ; 10.0       ; x86_64         ;
; EDA Netlist Writer   ; DESKTOP-3GL10BM  ; Windows 10 ; 10.0       ; x86_64         ;
; EDA Netlist Writer   ; DESKTOP-3GL10BM  ; Windows 10 ; 10.0       ; x86_64         ;
; EDA Netlist Writer   ; DESKTOP-3GL10BM  ; Windows 10 ; 10.0       ; x86_64         ;
; EDA Netlist Writer   ; DESKTOP-3GL10BM  ; Windows 10 ; 10.0       ; x86_64         ;
; EDA Netlist Writer   ; DESKTOP-3GL10BM  ; Windows 10 ; 10.0       ; x86_64         ;
; EDA Netlist Writer   ; DESKTOP-3GL10BM  ; Windows 10 ; 10.0       ; x86_64         ;
+----------------------+------------------+------------+------------+----------------+


------------
; Flow Log ;
------------
quartus_map --read_settings_files=on --write_settings_files=off Template_2019 -c Template_2019
quartus_fit --read_settings_files=off --write_settings_files=off Template_2019 -c Template_2019
quartus_asm --read_settings_files=off --write_settings_files=off Template_2019 -c Template_2019
quartus_sta Template_2019 -c Template_2019
quartus_eda --read_settings_files=off --write_settings_files=off Template_2019 -c Template_2019
quartus_eda --gen_testbench --tool=modelsim_oem --format=vhdl --write_settings_files=off Template_2019 -c Template_2019 --vector_source="C:/Users/Luke Waller/OneDrive - University of Plymouth/Year Two/ELEC240/_XOURSEWORK/Coursework Keil/ELEC240/FPGA-2019/FPGA-2019/Waveform.vwf" --testbench_file="C:/Users/Luke Waller/OneDrive - University of Plymouth/Year Two/ELEC240/_XOURSEWORK/Coursework Keil/ELEC240/FPGA-2019/FPGA-2019/simulation/qsim/Waveform.vwf.vht"
quartus_eda --write_settings_files=off --simulation=on --functional=on --flatten_buses=off --tool=modelsim_oem --format=vhdl --output_directory="C:/Users/Luke Waller/OneDrive - University of Plymouth/Year Two/ELEC240/_XOURSEWORK/Coursework Keil/ELEC240/FPGA-2019/FPGA-2019/simulation/qsim/" Template_2019 -c Template_2019
quartus_eda --gen_testbench --tool=modelsim_oem --format=vhdl --write_settings_files=off Template_2019 -c Template_2019 --vector_source="C:/Users/Luke Waller/OneDrive - University of Plymouth/Year Two/ELEC240/_XOURSEWORK/Coursework Keil/ELEC240/FPGA-2019/FPGA-2019/Waveform.vwf" --testbench_file="C:/Users/Luke Waller/OneDrive - University of Plymouth/Year Two/ELEC240/_XOURSEWORK/Coursework Keil/ELEC240/FPGA-2019/FPGA-2019/simulation/qsim/Waveform.vwf.vht"
quartus_eda --write_settings_files=off --simulation=on --functional=on --flatten_buses=off --tool=modelsim_oem --format=vhdl --output_directory="C:/Users/Luke Waller/OneDrive - University of Plymouth/Year Two/ELEC240/_XOURSEWORK/Coursework Keil/ELEC240/FPGA-2019/FPGA-2019/simulation/qsim/" Template_2019 -c Template_2019
quartus_eda --gen_testbench --tool=modelsim_oem --format=vhdl --write_settings_files=off Template_2019 -c Template_2019 --vector_source="C:/Users/Luke Waller/OneDrive - University of Plymouth/Year Two/ELEC240/_XOURSEWORK/Coursework Keil/ELEC240/FPGA-2019/FPGA-2019/Waveform.vwf" --testbench_file="C:/Users/Luke Waller/OneDrive - University of Plymouth/Year Two/ELEC240/_XOURSEWORK/Coursework Keil/ELEC240/FPGA-2019/FPGA-2019/simulation/qsim/Waveform.vwf.vht"
quartus_eda --write_settings_files=off --simulation=on --functional=on --flatten_buses=off --tool=modelsim_oem --format=vhdl --output_directory="C:/Users/Luke Waller/OneDrive - University of Plymouth/Year Two/ELEC240/_XOURSEWORK/Coursework Keil/ELEC240/FPGA-2019/FPGA-2019/simulation/qsim/" Template_2019 -c Template_2019
quartus_eda --gen_testbench --tool=modelsim_oem --format=vhdl --write_settings_files=off Template_2019 -c Template_2019 --vector_source="C:/Users/Luke Waller/OneDrive - University of Plymouth/Year Two/ELEC240/_XOURSEWORK/Coursework Keil/ELEC240/FPGA-2019/FPGA-2019/Waveform.vwf" --testbench_file="C:/Users/Luke Waller/OneDrive - University of Plymouth/Year Two/ELEC240/_XOURSEWORK/Coursework Keil/ELEC240/FPGA-2019/FPGA-2019/simulation/qsim/Waveform.vwf.vht"
quartus_eda --write_settings_files=off --simulation=on --functional=on --flatten_buses=off --tool=modelsim_oem --format=vhdl --output_directory="C:/Users/Luke Waller/OneDrive - University of Plymouth/Year Two/ELEC240/_XOURSEWORK/Coursework Keil/ELEC240/FPGA-2019/FPGA-2019/simulation/qsim/" Template_2019 -c Template_2019
quartus_eda --gen_testbench --tool=modelsim_oem --format=vhdl --write_settings_files=off Template_2019 -c Template_2019 --vector_source="C:/Users/Luke Waller/OneDrive - University of Plymouth/Year Two/ELEC240/_XOURSEWORK/Coursework Keil/ELEC240/FPGA-2019/FPGA-2019/Waveform.vwf" --testbench_file="C:/Users/Luke Waller/OneDrive - University of Plymouth/Year Two/ELEC240/_XOURSEWORK/Coursework Keil/ELEC240/FPGA-2019/FPGA-2019/simulation/qsim/Waveform.vwf.vht"
quartus_eda --write_settings_files=off --simulation=on --functional=on --flatten_buses=off --tool=modelsim_oem --format=vhdl --output_directory="C:/Users/Luke Waller/OneDrive - University of Plymouth/Year Two/ELEC240/_XOURSEWORK/Coursework Keil/ELEC240/FPGA-2019/FPGA-2019/simulation/qsim/" Template_2019 -c Template_2019
quartus_eda --gen_testbench --tool=modelsim_oem --format=vhdl --write_settings_files=off Template_2019 -c Template_2019 --vector_source="C:/Users/Luke Waller/OneDrive - University of Plymouth/Year Two/ELEC240/_XOURSEWORK/Coursework Keil/ELEC240/FPGA-2019/FPGA-2019/Waveform.vwf" --testbench_file="C:/Users/Luke Waller/OneDrive - University of Plymouth/Year Two/ELEC240/_XOURSEWORK/Coursework Keil/ELEC240/FPGA-2019/FPGA-2019/simulation/qsim/Waveform.vwf.vht"
quartus_eda --write_settings_files=off --simulation=on --functional=on --flatten_buses=off --tool=modelsim_oem --format=vhdl --output_directory="C:/Users/Luke Waller/OneDrive - University of Plymouth/Year Two/ELEC240/_XOURSEWORK/Coursework Keil/ELEC240/FPGA-2019/FPGA-2019/simulation/qsim/" Template_2019 -c Template_2019
quartus_eda --gen_testbench --tool=modelsim_oem --format=vhdl --write_settings_files=off Template_2019 -c Template_2019 --vector_source="C:/Users/Luke Waller/OneDrive - University of Plymouth/Year Two/ELEC240/_XOURSEWORK/Coursework Keil/ELEC240/FPGA-2019/FPGA-2019/Waveform.vwf" --testbench_file="C:/Users/Luke Waller/OneDrive - University of Plymouth/Year Two/ELEC240/_XOURSEWORK/Coursework Keil/ELEC240/FPGA-2019/FPGA-2019/simulation/qsim/Waveform.vwf.vht"
quartus_eda --write_settings_files=off --simulation=on --functional=on --flatten_buses=off --tool=modelsim_oem --format=vhdl --output_directory="C:/Users/Luke Waller/OneDrive - University of Plymouth/Year Two/ELEC240/_XOURSEWORK/Coursework Keil/ELEC240/FPGA-2019/FPGA-2019/simulation/qsim/" Template_2019 -c Template_2019
quartus_eda --gen_testbench --tool=modelsim_oem --format=vhdl --write_settings_files=off Template_2019 -c Template_2019 --vector_source="C:/Users/Luke Waller/OneDrive - University of Plymouth/Year Two/ELEC240/_XOURSEWORK/Coursework Keil/ELEC240/FPGA-2019/FPGA-2019/Waveform.vwf" --testbench_file="C:/Users/Luke Waller/OneDrive - University of Plymouth/Year Two/ELEC240/_XOURSEWORK/Coursework Keil/ELEC240/FPGA-2019/FPGA-2019/simulation/qsim/Waveform.vwf.vht"
quartus_eda --write_settings_files=off --simulation=on --functional=on --flatten_buses=off --tool=modelsim_oem --format=vhdl --output_directory="C:/Users/Luke Waller/OneDrive - University of Plymouth/Year Two/ELEC240/_XOURSEWORK/Coursework Keil/ELEC240/FPGA-2019/FPGA-2019/simulation/qsim/" Template_2019 -c Template_2019
quartus_eda --gen_testbench --tool=modelsim_oem --format=vhdl --write_settings_files=off Template_2019 -c Template_2019 --vector_source="C:/Users/Luke Waller/OneDrive - University of Plymouth/Year Two/ELEC240/_XOURSEWORK/Coursework Keil/ELEC240/FPGA-2019/FPGA-2019/Waveform.vwf" --testbench_file="C:/Users/Luke Waller/OneDrive - University of Plymouth/Year Two/ELEC240/_XOURSEWORK/Coursework Keil/ELEC240/FPGA-2019/FPGA-2019/simulation/qsim/Waveform.vwf.vht"
quartus_eda --write_settings_files=off --simulation=on --functional=on --flatten_buses=off --tool=modelsim_oem --format=vhdl --output_directory="C:/Users/Luke Waller/OneDrive - University of Plymouth/Year Two/ELEC240/_XOURSEWORK/Coursework Keil/ELEC240/FPGA-2019/FPGA-2019/simulation/qsim/" Template_2019 -c Template_2019
quartus_eda --gen_testbench --tool=modelsim_oem --format=vhdl --write_settings_files=off Template_2019 -c Template_2019 --vector_source="C:/Users/Luke Waller/OneDrive - University of Plymouth/Year Two/ELEC240/_XOURSEWORK/Coursework Keil/ELEC240/FPGA-2019/FPGA-2019/Waveform.vwf" --testbench_file="C:/Users/Luke Waller/OneDrive - University of Plymouth/Year Two/ELEC240/_XOURSEWORK/Coursework Keil/ELEC240/FPGA-2019/FPGA-2019/simulation/qsim/Waveform.vwf.vht"
quartus_eda --write_settings_files=off --simulation=on --functional=on --flatten_buses=off --tool=modelsim_oem --format=vhdl --output_directory="C:/Users/Luke Waller/OneDrive - University of Plymouth/Year Two/ELEC240/_XOURSEWORK/Coursework Keil/ELEC240/FPGA-2019/FPGA-2019/simulation/qsim/" Template_2019 -c Template_2019



